<?xml version="1.0" encoding="UTF-8"?>
<testsuite xmlns:xsi="http://www.w3.org/2001/XMLSchema-instance" xsi:noNamespaceSchemaLocation="https://maven.apache.org/surefire/maven-surefire-plugin/xsd/surefire-test-report-3.0.xsd" version="3.0" name="com.exam.project.RPGGameTest" time="0.094" tests="15" errors="0" skipped="0" failures="0">
  <properties>
[...]
</properties>
  <testcase name="testInputValidation" classname="com.exam.project.RPGGameTest" time="0.036">
    <system-out><![CDATA[Name cannot be empty!
Choose between 0 and 5!
]]></system-out>
    <system-err><![CDATA[giu 25, 2025 2:25:55 PM com.exam.project.RPGGameTest setUp
INFO: Setting up test environment
giu 25, 2025 2:25:55 PM com.exam.project.RPGGameTest setUp
INFO: Test setup completed successfully
giu 25, 2025 2:25:55 PM com.exam.project.security.InputValidator validateCharacterName
INFO: Validating character name: TestName
giu 25, 2025 2:25:55 PM com.exam.project.security.InputValidator validateCharacterName
INFO: Character name validated successfully: TestName
giu 25, 2025 2:25:55 PM com.exam.project.security.InputValidator validateCharacterName
INFO: Validating character name: 
giu 25, 2025 2:25:55 PM com.exam.project.security.InputValidator validateCharacterName
WARNING: Character name validation failed: empty name
giu 25, 2025 2:25:55 PM com.exam.project.security.InputValidator validateMenuChoice
INFO: Validating menu choice: 2 (max: 5)
giu 25, 2025 2:25:55 PM com.exam.project.security.InputValidator validateMenuChoice
INFO: Menu choice validated: 2
giu 25, 2025 2:25:55 PM com.exam.project.security.InputValidator validateMenuChoice
INFO: Validating menu choice: 10 (max: 5)
giu 25, 2025 2:25:55 PM com.exam.project.security.InputValidator validateMenuChoice
WARNING: Menu choice validation failed: out of range (10)
giu 25, 2025 2:25:55 PM com.exam.project.security.InputValidator validateYesNo
INFO: Validating yes/no input: y
giu 25, 2025 2:25:55 PM com.exam.project.security.InputValidator validateYesNo
INFO: Yes/no validation result: true
giu 25, 2025 2:25:55 PM com.exam.project.security.InputValidator validateYesNo
INFO: Validating yes/no input: n
giu 25, 2025 2:25:55 PM com.exam.project.security.InputValidator validateYesNo
INFO: Yes/no validation result: false
]]></system-err>
  </testcase>
  <testcase name="testInventoryIterator" classname="com.exam.project.RPGGameTest" time="0.003">
    <system-out><![CDATA[Added Sword to inventory
Added Potion to inventory
]]></system-out>
    <system-err><![CDATA[giu 25, 2025 2:25:55 PM com.exam.project.RPGGameTest setUp
INFO: Setting up test environment
giu 25, 2025 2:25:55 PM com.exam.project.RPGGameTest setUp
INFO: Test setup completed successfully
giu 25, 2025 2:25:55 PM com.exam.project.RPGGameTest testInventoryIterator
INFO: Testing inventory iterator
giu 25, 2025 2:25:55 PM com.exam.project.RPGGameTest testInventoryIterator
INFO: Inventory iterator test passed
]]></system-err>
  </testcase>
  <testcase name="testInventoryCollections" classname="com.exam.project.RPGGameTest" time="0.003">
    <system-out><![CDATA[Added Axe to inventory
Added Shield to inventory
]]></system-out>
    <system-err><![CDATA[giu 25, 2025 2:25:55 PM com.exam.project.RPGGameTest setUp
INFO: Setting up test environment
giu 25, 2025 2:25:55 PM com.exam.project.RPGGameTest setUp
INFO: Test setup completed successfully
]]></system-err>
  </testcase>
  <testcase name="testRest" classname="com.exam.project.RPGGameTest" time="0.004">
    <system-out><![CDATA[Creating warrior: Tired
Tired takes 20 damage! Health: 100/120
Tired takes a rest and fully recovers!
]]></system-out>
    <system-err><![CDATA[giu 25, 2025 2:25:55 PM com.exam.project.RPGGameTest setUp
INFO: Setting up test environment
giu 25, 2025 2:25:55 PM com.exam.project.RPGGameTest setUp
INFO: Test setup completed successfully
giu 25, 2025 2:25:55 PM com.exam.project.RPGGameTest testRest
INFO: Testing character rest
giu 25, 2025 2:25:55 PM com.exam.project.factory.AbstractCharacter <init>
INFO: Character created: Tired
giu 25, 2025 2:25:55 PM com.exam.project.factory.Warrior <init>
INFO: Warrior created successfully: Tired
giu 25, 2025 2:25:55 PM com.exam.project.RPGGameTest testRest
INFO: Rest test passed
]]></system-err>
  </testcase>
  <testcase name="testCharacterFight" classname="com.exam.project.RPGGameTest" time="0.007">
    <system-out><![CDATA[Creating warrior: TestWarrior
TestWarrior attacks for 16 damage!
TestWarrior takes 10 damage! Health: 110/120
]]></system-out>
    <system-err><![CDATA[giu 25, 2025 2:25:55 PM com.exam.project.RPGGameTest setUp
INFO: Setting up test environment
giu 25, 2025 2:25:55 PM com.exam.project.RPGGameTest setUp
INFO: Test setup completed successfully
giu 25, 2025 2:25:55 PM com.exam.project.RPGGameTest testCharacterFight
INFO: Testing character combat actions
giu 25, 2025 2:25:55 PM com.exam.project.factory.AbstractCharacter <init>
INFO: Character created: TestWarrior
giu 25, 2025 2:25:55 PM com.exam.project.factory.Warrior <init>
INFO: Warrior created successfully: TestWarrior
giu 25, 2025 2:25:55 PM com.exam.project.RPGGameTest testCharacterFight
INFO: Character combat test passed
]]></system-err>
  </testcase>
  <testcase name="testCreateMonsters" classname="com.exam.project.RPGGameTest" time="0.003">
    <system-err><![CDATA[giu 25, 2025 2:25:55 PM com.exam.project.RPGGameTest setUp
INFO: Setting up test environment
giu 25, 2025 2:25:55 PM com.exam.project.RPGGameTest setUp
INFO: Test setup completed successfully
giu 25, 2025 2:25:55 PM com.exam.project.RPGGameTest testCreateMonsters
INFO: Testing monster creation
giu 25, 2025 2:25:55 PM com.exam.project.factoryMonster.MonsterFactory createMonster
INFO: Creating monster: type=goblin, difficulty=1
giu 25, 2025 2:25:55 PM com.exam.project.factoryMonster.MonsterFactory createMonster
INFO: Goblin created: Brak
giu 25, 2025 2:25:55 PM com.exam.project.factoryMonster.MonsterFactory createMonster
INFO: Creating monster: type=troll, difficulty=2
giu 25, 2025 2:25:55 PM com.exam.project.factoryMonster.MonsterFactory createMonster
INFO: Troll created: Marshbane
giu 25, 2025 2:25:55 PM com.exam.project.RPGGameTest testCreateMonsters
INFO: Monster creation test passed
]]></system-err>
  </testcase>
  <testcase name="testDungeonBuilder" classname="com.exam.project.RPGGameTest" time="0.004">
    <system-err><![CDATA[giu 25, 2025 2:25:55 PM com.exam.project.RPGGameTest setUp
INFO: Setting up test environment
giu 25, 2025 2:25:55 PM com.exam.project.RPGGameTest setUp
INFO: Test setup completed successfully
giu 25, 2025 2:25:55 PM com.exam.project.builder.Dungeon <init>
INFO: Dungeon built: Goblin Cave
giu 25, 2025 2:25:55 PM com.exam.project.builder.Dungeon <init>
INFO: Dungeon built: Swamp of Trolls
]]></system-err>
  </testcase>
  <testcase name="testCombatStrategy" classname="com.exam.project.RPGGameTest" time="0.006">
    <system-out><![CDATA[Creating warrior: Fighter
]]></system-out>
    <system-err><![CDATA[giu 25, 2025 2:25:55 PM com.exam.project.RPGGameTest setUp
INFO: Setting up test environment
giu 25, 2025 2:25:55 PM com.exam.project.RPGGameTest setUp
INFO: Test setup completed successfully
giu 25, 2025 2:25:55 PM com.exam.project.factory.AbstractCharacter <init>
INFO: Character created: Fighter
giu 25, 2025 2:25:55 PM com.exam.project.factory.Warrior <init>
INFO: Warrior created successfully: Fighter
]]></system-err>
  </testcase>
  <testcase name="testInventoryForEach" classname="com.exam.project.RPGGameTest" time="0.002">
    <system-out><![CDATA[Added Test to inventory
]]></system-out>
    <system-err><![CDATA[giu 25, 2025 2:25:55 PM com.exam.project.RPGGameTest setUp
INFO: Setting up test environment
giu 25, 2025 2:25:55 PM com.exam.project.RPGGameTest setUp
INFO: Test setup completed successfully
]]></system-err>
  </testcase>
  <testcase name="testCreateMage" classname="com.exam.project.RPGGameTest" time="0.002">
    <system-out><![CDATA[Creating mage: TestMage
]]></system-out>
    <system-err><![CDATA[giu 25, 2025 2:25:55 PM com.exam.project.RPGGameTest setUp
INFO: Setting up test environment
giu 25, 2025 2:25:55 PM com.exam.project.RPGGameTest setUp
INFO: Test setup completed successfully
giu 25, 2025 2:25:55 PM com.exam.project.RPGGameTest testCreateMage
INFO: Testing mage creation
giu 25, 2025 2:25:55 PM com.exam.project.factory.AbstractCharacter <init>
INFO: Character created: TestMage
giu 25, 2025 2:25:55 PM com.exam.project.factory.Mage <init>
INFO: Mage created successfully: TestMage
giu 25, 2025 2:25:55 PM com.exam.project.RPGGameTest testCreateMage
INFO: Mage creation test passed
]]></system-err>
  </testcase>
  <testcase name="testBadCharacterType" classname="com.exam.project.RPGGameTest" time="0.002">
    <system-err><![CDATA[giu 25, 2025 2:25:55 PM com.exam.project.RPGGameTest setUp
INFO: Setting up test environment
giu 25, 2025 2:25:55 PM com.exam.project.RPGGameTest setUp
INFO: Test setup completed successfully
giu 25, 2025 2:25:55 PM com.exam.project.RPGGameTest testBadCharacterType
INFO: Testing invalid character type
giu 25, 2025 2:25:55 PM com.exam.project.RPGGameTest testBadCharacterType
INFO: Correctly caught exception for bad character type
]]></system-err>
  </testcase>
  <testcase name="testCreateWarrior" classname="com.exam.project.RPGGameTest" time="0.002">
    <system-out><![CDATA[Creating warrior: TestGuy
]]></system-out>
    <system-err><![CDATA[giu 25, 2025 2:25:55 PM com.exam.project.RPGGameTest setUp
INFO: Setting up test environment
giu 25, 2025 2:25:55 PM com.exam.project.RPGGameTest setUp
INFO: Test setup completed successfully
giu 25, 2025 2:25:55 PM com.exam.project.RPGGameTest testCreateWarrior
INFO: Testing warrior creation
giu 25, 2025 2:25:55 PM com.exam.project.factory.AbstractCharacter <init>
INFO: Character created: TestGuy
giu 25, 2025 2:25:55 PM com.exam.project.factory.Warrior <init>
INFO: Warrior created successfully: TestGuy
giu 25, 2025 2:25:55 PM com.exam.project.RPGGameTest testCreateWarrior
INFO: Warrior creation test passed
]]></system-err>
  </testcase>
  <testcase name="testEquipment" classname="com.exam.project.RPGGameTest" time="0.002">
    <system-out><![CDATA[Added Magic Sword to inventory
Equipped Magic Sword
]]></system-out>
    <system-err><![CDATA[giu 25, 2025 2:25:55 PM com.exam.project.RPGGameTest setUp
INFO: Setting up test environment
giu 25, 2025 2:25:55 PM com.exam.project.RPGGameTest setUp
INFO: Test setup completed successfully
]]></system-err>
  </testcase>
  <testcase name="testCombatSystem" classname="com.exam.project.RPGGameTest" time="0.006">
    <system-out><![CDATA[Creating warrior: Hero
Goblin Gruk subisce 18 danni! Vita: 0/18
Goblin Gruk è stato sconfitto!
]]></system-out>
    <system-err><![CDATA[giu 25, 2025 2:25:55 PM com.exam.project.RPGGameTest setUp
INFO: Setting up test environment
giu 25, 2025 2:25:55 PM com.exam.project.RPGGameTest setUp
INFO: Test setup completed successfully
giu 25, 2025 2:25:55 PM com.exam.project.RPGGameTest testCombatSystem
INFO: Testing combat system
giu 25, 2025 2:25:55 PM com.exam.project.factory.AbstractCharacter <init>
INFO: Character created: Hero
giu 25, 2025 2:25:55 PM com.exam.project.factory.Warrior <init>
INFO: Warrior created successfully: Hero
giu 25, 2025 2:25:55 PM com.exam.project.factoryMonster.MonsterFactory createMonster
INFO: Creating monster: type=goblin, difficulty=1
giu 25, 2025 2:25:55 PM com.exam.project.factoryMonster.MonsterFactory createMonster
INFO: Goblin created: Gruk
giu 25, 2025 2:25:55 PM com.exam.project.strategy.CombatSystem <init>
INFO: CombatSystem initialized successfully
giu 25, 2025 2:25:55 PM com.exam.project.strategy.CombatSystem executeAttack
INFO: Attack: Hero -> Gruk, damage: 18
giu 25, 2025 2:25:55 PM com.exam.project.RPGGameTest testCombatSystem
INFO: Combat system test passed
]]></system-err>
  </testcase>
  <testcase name="testTraining" classname="com.exam.project.RPGGameTest" time="0.004">
    <system-out><![CDATA[Creating mage: Student
Student studies magic!
Student finished training! Stamina: 110/123
]]></system-out>
    <system-err><![CDATA[giu 25, 2025 2:25:55 PM com.exam.project.RPGGameTest setUp
INFO: Setting up test environment
giu 25, 2025 2:25:55 PM com.exam.project.RPGGameTest setUp
INFO: Test setup completed successfully
giu 25, 2025 2:25:55 PM com.exam.project.RPGGameTest testTraining
INFO: Testing character training
giu 25, 2025 2:25:55 PM com.exam.project.factory.AbstractCharacter <init>
INFO: Character created: Student
giu 25, 2025 2:25:55 PM com.exam.project.factory.Mage <init>
INFO: Mage created successfully: Student
giu 25, 2025 2:25:55 PM com.exam.project.RPGGameTest testTraining
INFO: Training test passed
]]></system-err>
  </testcase>
</testsuite>