<?xml version="1.0" encoding="UTF-8"?>
<testsuite xmlns:xsi="http://www.w3.org/2001/XMLSchema-instance" xsi:noNamespaceSchemaLocation="https://maven.apache.org/surefire/maven-surefire-plugin/xsd/surefire-test-report-3.0.xsd" version="3.0" name="RPGGameTest" time="0.015" tests="3" errors="0" skipped="0" failures="0">
  <properties>
[...]
</properties>
  <testcase name="testDungeonBuilder" classname="RPGGameTest" time="0.002">
    <system-err><![CDATA[giu 26, 2025 10:49:26 PM RPGGameTest setUp
INFO: Setting up test environment
giu 26, 2025 10:49:26 PM RPGGameTest setUp
INFO: Test setup completed successfully
giu 26, 2025 10:49:26 PM RPGGameTest testDungeonBuilder
INFO: Testing dungeon builder
giu 26, 2025 10:49:26 PM builder.ConcreteDungeonBuilder reset
FINE: DungeonBuilder reset
giu 26, 2025 10:49:26 PM builder.ConcreteDungeonBuilder setName
FINE: Dungeon name set: Goblin Cave
giu 26, 2025 10:49:26 PM builder.ConcreteDungeonBuilder setDescription
FINE: Dungeon description set
giu 26, 2025 10:49:26 PM builder.ConcreteDungeonBuilder setGoldReward
FINE: Dungeon reward set: 100
giu 26, 2025 10:49:26 PM builder.ConcreteDungeonBuilder setMonsterType
FINE: Dungeon monster type set: goblin
giu 26, 2025 10:49:26 PM builder.ConcreteDungeonBuilder build
INFO: Building dungeon: Goblin Cave
giu 26, 2025 10:49:26 PM builder.Dungeon <init>
INFO: Dungeon created: Goblin Cave with monster type goblin
giu 26, 2025 10:49:26 PM RPGGameTest testDungeonBuilder
INFO: Dungeon builder test passed
]]></system-err>
  </testcase>
  <testcase name="testCreateWarrior" classname="RPGGameTest" time="0.005">
    <system-err><![CDATA[giu 26, 2025 10:49:26 PM RPGGameTest setUp
INFO: Setting up test environment
giu 26, 2025 10:49:26 PM RPGGameTest setUp
INFO: Test setup completed successfully
giu 26, 2025 10:49:26 PM RPGGameTest testCreateWarrior
INFO: Testing warrior creation
giu 26, 2025 10:49:26 PM factory.CharacterFactory createCharacter
INFO: Creating character of type: warrior with name: TestGuy
giu 26, 2025 10:49:26 PM security.InputValidator validateCharacterName
INFO: Validating character name: TestGuy
giu 26, 2025 10:49:26 PM security.InputValidator validateCharacterName
INFO: Character name validated successfully: TestGuy
giu 26, 2025 10:49:26 PM RPGGameTest testCreateWarrior
INFO: Warrior creation test passed
]]></system-err>
  </testcase>
  <testcase name="testInventoryOperations" classname="RPGGameTest" time="0.007">
    <system-out><![CDATA[Added Axe to inventory
Added Shield to inventory
Equipped Axe
]]></system-out>
    <system-err><![CDATA[giu 26, 2025 10:49:26 PM RPGGameTest setUp
INFO: Setting up test environment
giu 26, 2025 10:49:26 PM RPGGameTest setUp
INFO: Test setup completed successfully
giu 26, 2025 10:49:26 PM RPGGameTest testInventoryOperations
INFO: Testing inventory operations
giu 26, 2025 10:49:26 PM RPGGameTest testInventoryOperations
INFO: Inventory operations test passed
]]></system-err>
  </testcase>
</testsuite>