<?xml version="1.0" encoding="UTF-8"?>
<testsuite xmlns:xsi="http://www.w3.org/2001/XMLSchema-instance" xsi:noNamespaceSchemaLocation="https://maven.apache.org/surefire/maven-surefire-plugin/xsd/surefire-test-report-3.0.xsd" version="3.0" name="com.exam.project.RPGGameTest" time="0.059" tests="15" errors="0" skipped="0" failures="1">
  <properties>
    <property name="java.specification.version" value="24"/>
    <property name="sun.cpu.isalist" value="amd64"/>
    <property name="sun.jnu.encoding" value="Cp1252"/>
    <property name="java.class.path" value="C:\Users\benaz\Documents\Lezioni_Università\Secondo Semestre\OOP\Java_Exam_Project\Java\Java_Exam_Project\target\test-classes;C:\Users\benaz\Documents\Lezioni_Università\Secondo Semestre\OOP\Java_Exam_Project\Java\Java_Exam_Project\target\classes;C:\Users\benaz\.m2\repository\junit\junit\4.13.2\junit-4.13.2.jar;C:\Users\benaz\.m2\repository\org\hamcrest\hamcrest-core\1.3\hamcrest-core-1.3.jar;"/>
    <property name="java.vm.vendor" value="Oracle Corporation"/>
    <property name="sun.arch.data.model" value="64"/>
    <property name="user.variant" value=""/>
    <property name="java.vendor.url" value="https://java.oracle.com/"/>
    <property name="user.timezone" value="Europe/Rome"/>
    <property name="user.country.format" value="IT"/>
    <property name="os.name" value="Windows 11"/>
    <property name="java.vm.specification.version" value="24"/>
    <property name="sun.java.launcher" value="SUN_STANDARD"/>
    <property name="user.country" value="US"/>
    <property name="sun.boot.library.path" value="C:\Program Files\Java\jdk-24\bin"/>
    <property name="sun.java.command" value="C:\Users\benaz\AppData\Local\Temp\surefire4761235622134660360\surefirebooter-20250625142046207_3.jar C:\Users\benaz\AppData\Local\Temp\surefire4761235622134660360 2025-06-25T14-20-45_432-jvmRun1 surefire-20250625142046207_1tmp surefire_0-20250625142046207_2tmp"/>
    <property name="jdk.debug" value="release"/>
    <property name="surefire.test.class.path" value="C:\Users\benaz\Documents\Lezioni_Università\Secondo Semestre\OOP\Java_Exam_Project\Java\Java_Exam_Project\target\test-classes;C:\Users\benaz\Documents\Lezioni_Università\Secondo Semestre\OOP\Java_Exam_Project\Java\Java_Exam_Project\target\classes;C:\Users\benaz\.m2\repository\junit\junit\4.13.2\junit-4.13.2.jar;C:\Users\benaz\.m2\repository\org\hamcrest\hamcrest-core\1.3\hamcrest-core-1.3.jar;"/>
    <property name="sun.cpu.endian" value="little"/>
    <property name="user.home" value="C:\Users\benaz"/>
    <property name="user.language" value="en"/>
    <property name="java.specification.vendor" value="Oracle Corporation"/>
    <property name="java.version.date" value="2025-04-15"/>
    <property name="java.home" value="C:\Program Files\Java\jdk-24"/>
    <property name="file.separator" value="\"/>
    <property name="basedir" value="C:\Users\benaz\Documents\Lezioni_Università\Secondo Semestre\OOP\Java_Exam_Project\Java\Java_Exam_Project"/>
    <property name="java.vm.compressedOopsMode" value="Zero based"/>
    <property name="line.separator" value="&#10;"/>
    <property name="java.vm.specification.vendor" value="Oracle Corporation"/>
    <property name="java.specification.name" value="Java Platform API Specification"/>
    <property name="surefire.real.class.path" value="C:\Users\benaz\AppData\Local\Temp\surefire4761235622134660360\surefirebooter-20250625142046207_3.jar"/>
    <property name="user.script" value=""/>
    <property name="sun.management.compiler" value="HotSpot 64-Bit Tiered Compilers"/>
    <property name="java.runtime.version" value="24.0.1+9-30"/>
    <property name="user.name" value="benaz"/>
    <property name="stdout.encoding" value="Cp1252"/>
    <property name="path.separator" value=";"/>
    <property name="os.version" value="10.0"/>
    <property name="java.runtime.name" value="Java(TM) SE Runtime Environment"/>
    <property name="file.encoding" value="UTF-8"/>
    <property name="java.vm.name" value="Java HotSpot(TM) 64-Bit Server VM"/>
    <property name="localRepository" value="C:\Users\benaz\.m2\repository"/>
    <property name="java.vendor.url.bug" value="https://bugreport.java.com/bugreport/"/>
    <property name="java.io.tmpdir" value="C:\Users\benaz\AppData\Local\Temp\"/>
    <property name="java.version" value="24.0.1"/>
    <property name="user.dir" value="C:\Users\benaz\Documents\Lezioni_Università\Secondo Semestre\OOP\Java_Exam_Project\Java\Java_Exam_Project"/>
    <property name="os.arch" value="amd64"/>
    <property name="java.vm.specification.name" value="Java Virtual Machine Specification"/>
    <property name="user.language.format" value="it"/>
    <property name="sun.os.patch.level" value=""/>
    <property name="native.encoding" value="Cp1252"/>
    <property name="java.library.path" value="C:\Program Files\Java\jdk-24\bin;C:\WINDOWS\Sun\Java\bin;C:\WINDOWS\system32;C:\WINDOWS;C:\Program Files\Common Files\Oracle\Java\javapath;C:\Users\benaz\AppData\Local\Programs\Python\Python313\Scripts\;C:\Users\benaz\AppData\Local\Programs\Python\Python313\;C:\Python312\Scripts\;C:\Python312\;C:\Windows\system32;C:\Windows;C:\Windows\System32\Wbem;C:\Windows\System32\WindowsPowerShell\v1.0\;C:\Windows\System32\OpenSSH\;C:\Program Files (x86)\NVIDIA Corporation\PhysX\Common;C:\WINDOWS\system32;C:\WINDOWS;C:\WINDOWS\System32\Wbem;C:\WINDOWS\System32\WindowsPowerShell\v1.0\;C:\WINDOWS\System32\OpenSSH\;C:\Program Files\dotnet\;C:\ProgramData\chocolatey\bin;C:\Program Files\NVIDIA Corporation\NVIDIA app\NvDLISR;C:\Program Files\Git\cmd;C:\Program Files\nodejs\;C:\Program Files\Apache\Maven\bin;C:\Users\benaz\AppData\Local\Microsoft\WindowsApps;C:\Users\benaz\AppData\Local\Programs\Microsoft VS Code\bin;C:\Users\benaz\.dotnet\tools;C:\Users\benaz\AppData\Local\GitHubDesktop\bin;C:\Users\benaz\AppData\Roaming\Python\Python312\site-packages;C:\Users\benaz\AppData\Roaming\npm;C:\Program Files\JetBrains\IntelliJ IDEA Community Edition 2025.1.1.1\bin;;."/>
    <property name="java.vm.info" value="mixed mode, sharing"/>
    <property name="stderr.encoding" value="Cp1252"/>
    <property name="java.vendor" value="Oracle Corporation"/>
    <property name="java.vm.version" value="24.0.1+9-30"/>
    <property name="sun.io.unicode.encoding" value="UnicodeLittle"/>
    <property name="java.class.version" value="68.0"/>
  </properties>
  <testcase name="testInputValidation" classname="com.exam.project.RPGGameTest" time="0.023">
    <system-out><![CDATA[Name cannot be empty!
Choose between 0 and 5!
]]></system-out>
    <system-err><![CDATA[giu 25, 2025 2:20:46 PM com.exam.project.RPGGameTest setUp
INFO: Setting up test environment
giu 25, 2025 2:20:46 PM com.exam.project.RPGGameTest setUp
INFO: Test setup completed successfully
giu 25, 2025 2:20:46 PM com.exam.project.security.InputValidator validateCharacterName
INFO: Validating character name: TestName
giu 25, 2025 2:20:46 PM com.exam.project.security.InputValidator validateCharacterName
INFO: Character name validated successfully: TestName
giu 25, 2025 2:20:46 PM com.exam.project.security.InputValidator validateCharacterName
INFO: Validating character name: 
giu 25, 2025 2:20:46 PM com.exam.project.security.InputValidator validateCharacterName
WARNING: Character name validation failed: empty name
giu 25, 2025 2:20:46 PM com.exam.project.security.InputValidator validateMenuChoice
INFO: Validating menu choice: 2 (max: 5)
giu 25, 2025 2:20:46 PM com.exam.project.security.InputValidator validateMenuChoice
INFO: Menu choice validated: 2
giu 25, 2025 2:20:46 PM com.exam.project.security.InputValidator validateMenuChoice
INFO: Validating menu choice: 10 (max: 5)
giu 25, 2025 2:20:46 PM com.exam.project.security.InputValidator validateMenuChoice
WARNING: Menu choice validation failed: out of range (10)
giu 25, 2025 2:20:46 PM com.exam.project.security.InputValidator validateYesNo
INFO: Validating yes/no input: y
giu 25, 2025 2:20:46 PM com.exam.project.security.InputValidator validateYesNo
INFO: Yes/no validation result: true
giu 25, 2025 2:20:46 PM com.exam.project.security.InputValidator validateYesNo
INFO: Validating yes/no input: n
giu 25, 2025 2:20:46 PM com.exam.project.security.InputValidator validateYesNo
INFO: Yes/no validation result: false
]]></system-err>
  </testcase>
  <testcase name="testInventoryIterator" classname="com.exam.project.RPGGameTest" time="0.002">
    <system-out><![CDATA[Added Sword to inventory
Added Potion to inventory
]]></system-out>
    <system-err><![CDATA[giu 25, 2025 2:20:46 PM com.exam.project.RPGGameTest setUp
INFO: Setting up test environment
giu 25, 2025 2:20:46 PM com.exam.project.RPGGameTest setUp
INFO: Test setup completed successfully
giu 25, 2025 2:20:46 PM com.exam.project.RPGGameTest testInventoryIterator
INFO: Testing inventory iterator
giu 25, 2025 2:20:46 PM com.exam.project.RPGGameTest testInventoryIterator
INFO: Inventory iterator test passed
]]></system-err>
  </testcase>
  <testcase name="testInventoryCollections" classname="com.exam.project.RPGGameTest" time="0.001">
    <system-out><![CDATA[Added Axe to inventory
Added Shield to inventory
]]></system-out>
    <system-err><![CDATA[giu 25, 2025 2:20:46 PM com.exam.project.RPGGameTest setUp
INFO: Setting up test environment
giu 25, 2025 2:20:46 PM com.exam.project.RPGGameTest setUp
INFO: Test setup completed successfully
]]></system-err>
  </testcase>
  <testcase name="testRest" classname="com.exam.project.RPGGameTest" time="0.002">
    <system-out><![CDATA[Creating warrior: Tired
Tired takes 20 damage! Health: 100/120
Tired takes a rest and fully recovers!
]]></system-out>
    <system-err><![CDATA[giu 25, 2025 2:20:46 PM com.exam.project.RPGGameTest setUp
INFO: Setting up test environment
giu 25, 2025 2:20:46 PM com.exam.project.RPGGameTest setUp
INFO: Test setup completed successfully
giu 25, 2025 2:20:46 PM com.exam.project.RPGGameTest testRest
INFO: Testing character rest
giu 25, 2025 2:20:46 PM com.exam.project.factory.AbstractCharacter <init>
INFO: Character created: Tired
giu 25, 2025 2:20:46 PM com.exam.project.factory.Warrior <init>
INFO: Warrior created successfully: Tired
giu 25, 2025 2:20:46 PM com.exam.project.RPGGameTest testRest
INFO: Rest test passed
]]></system-err>
  </testcase>
  <testcase name="testCharacterFight" classname="com.exam.project.RPGGameTest" time="0.005">
    <system-out><![CDATA[Creating warrior: TestWarrior
TestWarrior attacks for 15 damage!
TestWarrior takes 10 damage! Health: 110/120
]]></system-out>
    <system-err><![CDATA[giu 25, 2025 2:20:46 PM com.exam.project.RPGGameTest setUp
INFO: Setting up test environment
giu 25, 2025 2:20:46 PM com.exam.project.RPGGameTest setUp
INFO: Test setup completed successfully
giu 25, 2025 2:20:46 PM com.exam.project.RPGGameTest testCharacterFight
INFO: Testing character combat actions
giu 25, 2025 2:20:46 PM com.exam.project.factory.AbstractCharacter <init>
INFO: Character created: TestWarrior
giu 25, 2025 2:20:46 PM com.exam.project.factory.Warrior <init>
INFO: Warrior created successfully: TestWarrior
giu 25, 2025 2:20:46 PM com.exam.project.RPGGameTest testCharacterFight
INFO: Character combat test passed
]]></system-err>
  </testcase>
  <testcase name="testCreateMonsters" classname="com.exam.project.RPGGameTest" time="0.001">
    <system-err><![CDATA[giu 25, 2025 2:20:46 PM com.exam.project.RPGGameTest setUp
INFO: Setting up test environment
giu 25, 2025 2:20:46 PM com.exam.project.RPGGameTest setUp
INFO: Test setup completed successfully
giu 25, 2025 2:20:46 PM com.exam.project.RPGGameTest testCreateMonsters
INFO: Testing monster creation
giu 25, 2025 2:20:46 PM com.exam.project.factoryMonster.MonsterFactory createMonster
INFO: Creating monster: type=goblin, difficulty=1
giu 25, 2025 2:20:46 PM com.exam.project.factoryMonster.MonsterFactory createMonster
INFO: Goblin created: Nix
giu 25, 2025 2:20:46 PM com.exam.project.factoryMonster.MonsterFactory createMonster
INFO: Creating monster: type=troll, difficulty=2
giu 25, 2025 2:20:46 PM com.exam.project.factoryMonster.MonsterFactory createMonster
INFO: Troll created: Murkwater
giu 25, 2025 2:20:46 PM com.exam.project.RPGGameTest testCreateMonsters
INFO: Monster creation test passed
]]></system-err>
  </testcase>
  <testcase name="testDungeonBuilder" classname="com.exam.project.RPGGameTest" time="0.003">
    <system-err><![CDATA[giu 25, 2025 2:20:46 PM com.exam.project.RPGGameTest setUp
INFO: Setting up test environment
giu 25, 2025 2:20:46 PM com.exam.project.RPGGameTest setUp
INFO: Test setup completed successfully
giu 25, 2025 2:20:46 PM com.exam.project.builder.Dungeon <init>
INFO: Dungeon built: Goblin Cave
giu 25, 2025 2:20:46 PM com.exam.project.builder.Dungeon <init>
INFO: Dungeon built: Swamp of Trolls
]]></system-err>
  </testcase>
  <testcase name="testCombatStrategy" classname="com.exam.project.RPGGameTest" time="0.002">
    <system-out><![CDATA[Creating warrior: Fighter
]]></system-out>
    <system-err><![CDATA[giu 25, 2025 2:20:46 PM com.exam.project.RPGGameTest setUp
INFO: Setting up test environment
giu 25, 2025 2:20:46 PM com.exam.project.RPGGameTest setUp
INFO: Test setup completed successfully
giu 25, 2025 2:20:46 PM com.exam.project.factory.AbstractCharacter <init>
INFO: Character created: Fighter
giu 25, 2025 2:20:46 PM com.exam.project.factory.Warrior <init>
INFO: Warrior created successfully: Fighter
]]></system-err>
  </testcase>
  <testcase name="testInventoryForEach" classname="com.exam.project.RPGGameTest" time="0.001">
    <system-out><![CDATA[Added Test to inventory
]]></system-out>
    <system-err><![CDATA[giu 25, 2025 2:20:46 PM com.exam.project.RPGGameTest setUp
INFO: Setting up test environment
giu 25, 2025 2:20:46 PM com.exam.project.RPGGameTest setUp
INFO: Test setup completed successfully
]]></system-err>
  </testcase>
  <testcase name="testCreateMage" classname="com.exam.project.RPGGameTest" time="0.001">
    <system-out><![CDATA[Creating mage: TestMage
]]></system-out>
    <system-err><![CDATA[giu 25, 2025 2:20:46 PM com.exam.project.RPGGameTest setUp
INFO: Setting up test environment
giu 25, 2025 2:20:46 PM com.exam.project.RPGGameTest setUp
INFO: Test setup completed successfully
giu 25, 2025 2:20:46 PM com.exam.project.RPGGameTest testCreateMage
INFO: Testing mage creation
giu 25, 2025 2:20:46 PM com.exam.project.factory.AbstractCharacter <init>
INFO: Character created: TestMage
giu 25, 2025 2:20:46 PM com.exam.project.factory.Mage <init>
INFO: Mage created successfully: TestMage
giu 25, 2025 2:20:46 PM com.exam.project.RPGGameTest testCreateMage
INFO: Mage creation test passed
]]></system-err>
  </testcase>
  <testcase name="testBadCharacterType" classname="com.exam.project.RPGGameTest" time="0.0">
    <system-err><![CDATA[giu 25, 2025 2:20:46 PM com.exam.project.RPGGameTest setUp
INFO: Setting up test environment
giu 25, 2025 2:20:46 PM com.exam.project.RPGGameTest setUp
INFO: Test setup completed successfully
giu 25, 2025 2:20:46 PM com.exam.project.RPGGameTest testBadCharacterType
INFO: Testing invalid character type
giu 25, 2025 2:20:46 PM com.exam.project.RPGGameTest testBadCharacterType
INFO: Correctly caught exception for bad character type
]]></system-err>
  </testcase>
  <testcase name="testCreateWarrior" classname="com.exam.project.RPGGameTest" time="0.001">
    <system-out><![CDATA[Creating warrior: TestGuy
]]></system-out>
    <system-err><![CDATA[giu 25, 2025 2:20:46 PM com.exam.project.RPGGameTest setUp
INFO: Setting up test environment
giu 25, 2025 2:20:46 PM com.exam.project.RPGGameTest setUp
INFO: Test setup completed successfully
giu 25, 2025 2:20:46 PM com.exam.project.RPGGameTest testCreateWarrior
INFO: Testing warrior creation
giu 25, 2025 2:20:46 PM com.exam.project.factory.AbstractCharacter <init>
INFO: Character created: TestGuy
giu 25, 2025 2:20:46 PM com.exam.project.factory.Warrior <init>
INFO: Warrior created successfully: TestGuy
giu 25, 2025 2:20:46 PM com.exam.project.RPGGameTest testCreateWarrior
INFO: Warrior creation test passed
]]></system-err>
  </testcase>
  <testcase name="testEquipment" classname="com.exam.project.RPGGameTest" time="0.002">
    <system-out><![CDATA[Added Magic Sword to inventory
Equipped Magic Sword
]]></system-out>
    <system-err><![CDATA[giu 25, 2025 2:20:46 PM com.exam.project.RPGGameTest setUp
INFO: Setting up test environment
giu 25, 2025 2:20:46 PM com.exam.project.RPGGameTest setUp
INFO: Test setup completed successfully
]]></system-err>
  </testcase>
  <testcase name="testCombatSystem" classname="com.exam.project.RPGGameTest" time="0.003">
    <system-out><![CDATA[Creating warrior: Hero
Goblin Mog subisce 20 danni! Vita: 0/18
Goblin Mog è stato sconfitto!
]]></system-out>
    <system-err><![CDATA[giu 25, 2025 2:20:46 PM com.exam.project.RPGGameTest setUp
INFO: Setting up test environment
giu 25, 2025 2:20:46 PM com.exam.project.RPGGameTest setUp
INFO: Test setup completed successfully
giu 25, 2025 2:20:46 PM com.exam.project.RPGGameTest testCombatSystem
INFO: Testing combat system
giu 25, 2025 2:20:46 PM com.exam.project.factory.AbstractCharacter <init>
INFO: Character created: Hero
giu 25, 2025 2:20:46 PM com.exam.project.factory.Warrior <init>
INFO: Warrior created successfully: Hero
giu 25, 2025 2:20:46 PM com.exam.project.factoryMonster.MonsterFactory createMonster
INFO: Creating monster: type=goblin, difficulty=1
giu 25, 2025 2:20:46 PM com.exam.project.factoryMonster.MonsterFactory createMonster
INFO: Goblin created: Mog
giu 25, 2025 2:20:46 PM com.exam.project.strategy.CombatSystem <init>
INFO: CombatSystem initialized successfully
giu 25, 2025 2:20:46 PM com.exam.project.strategy.CombatSystem executeAttack
INFO: Attack: Hero -> Mog, damage: 20
giu 25, 2025 2:20:46 PM com.exam.project.RPGGameTest testCombatSystem
INFO: Combat system test passed
]]></system-err>
  </testcase>
  <testcase name="testTraining" classname="com.exam.project.RPGGameTest" time="0.006">
    <failure type="java.lang.AssertionError"><![CDATA[java.lang.AssertionError
	at org.junit.Assert.fail(Assert.java:87)
	at org.junit.Assert.assertTrue(Assert.java:42)
	at org.junit.Assert.assertTrue(Assert.java:53)
	at com.exam.project.RPGGameTest.testTraining(RPGGameTest.java:294)
	at java.base/jdk.internal.reflect.DirectMethodHandleAccessor.invoke(DirectMethodHandleAccessor.java:104)
	at java.base/java.lang.reflect.Method.invoke(Method.java:565)
	at org.junit.runners.model.FrameworkMethod$1.runReflectiveCall(FrameworkMethod.java:59)
	at org.junit.internal.runners.model.ReflectiveCallable.run(ReflectiveCallable.java:12)
	at org.junit.runners.model.FrameworkMethod.invokeExplosively(FrameworkMethod.java:56)
	at org.junit.internal.runners.statements.InvokeMethod.evaluate(InvokeMethod.java:17)
	at org.junit.internal.runners.statements.RunBefores.evaluate(RunBefores.java:26)
	at org.junit.runners.ParentRunner$3.evaluate(ParentRunner.java:306)
	at org.junit.runners.BlockJUnit4ClassRunner$1.evaluate(BlockJUnit4ClassRunner.java:100)
	at org.junit.runners.ParentRunner.runLeaf(ParentRunner.java:366)
	at org.junit.runners.BlockJUnit4ClassRunner.runChild(BlockJUnit4ClassRunner.java:103)
	at org.junit.runners.BlockJUnit4ClassRunner.runChild(BlockJUnit4ClassRunner.java:63)
	at org.junit.runners.ParentRunner$4.run(ParentRunner.java:331)
	at org.junit.runners.ParentRunner$1.schedule(ParentRunner.java:79)
	at org.junit.runners.ParentRunner.runChildren(ParentRunner.java:329)
	at org.junit.runners.ParentRunner.access$100(ParentRunner.java:66)
	at org.junit.runners.ParentRunner$2.evaluate(ParentRunner.java:293)
	at org.junit.runners.ParentRunner$3.evaluate(ParentRunner.java:306)
	at org.junit.runners.ParentRunner.run(ParentRunner.java:413)
	at org.apache.maven.surefire.junit4.JUnit4Provider.execute(JUnit4Provider.java:316)
	at org.apache.maven.surefire.junit4.JUnit4Provider.executeWithRerun(JUnit4Provider.java:240)
	at org.apache.maven.surefire.junit4.JUnit4Provider.executeTestSet(JUnit4Provider.java:214)
	at org.apache.maven.surefire.junit4.JUnit4Provider.invoke(JUnit4Provider.java:155)
	at org.apache.maven.surefire.booter.ForkedBooter.runSuitesInProcess(ForkedBooter.java:385)
	at org.apache.maven.surefire.booter.ForkedBooter.execute(ForkedBooter.java:162)
	at org.apache.maven.surefire.booter.ForkedBooter.run(ForkedBooter.java:507)
	at org.apache.maven.surefire.booter.ForkedBooter.main(ForkedBooter.java:495)
]]></failure>
    <system-out><![CDATA[Creating mage: Student
Student studies magic!
Student finished training! Stamina: 110/123
]]></system-out>
    <system-err><![CDATA[giu 25, 2025 2:20:46 PM com.exam.project.RPGGameTest setUp
INFO: Setting up test environment
giu 25, 2025 2:20:46 PM com.exam.project.RPGGameTest setUp
INFO: Test setup completed successfully
giu 25, 2025 2:20:46 PM com.exam.project.RPGGameTest testTraining
INFO: Testing character training
giu 25, 2025 2:20:46 PM com.exam.project.factory.AbstractCharacter <init>
INFO: Character created: Student
giu 25, 2025 2:20:46 PM com.exam.project.factory.Mage <init>
INFO: Mage created successfully: Student
]]></system-err>
  </testcase>
</testsuite>